<?xml version="1.0" encoding="UTF-8"?>
<testsuite xmlns:xsi="http://www.w3.org/2001/XMLSchema-instance" xsi:noNamespaceSchemaLocation="https://maven.apache.org/surefire/maven-surefire-plugin/xsd/surefire-test-report.xsd" name="com.example.demo.KafkaProducerConsumerApplicationTests" time="3.539" tests="1" errors="0" skipped="0" failures="0">
  <properties>
    <property name="sun.desktop" value="gnome"/>
    <property name="awt.toolkit" value="sun.awt.X11.XToolkit"/>
    <property name="java.specification.version" value="11"/>
    <property name="sun.cpu.isalist" value=""/>
    <property name="sun.jnu.encoding" value="UTF-8"/>
    <property name="java.class.path" value="/home/im/Downloads/SpringBootKafka/target/test-classes:/home/im/Downloads/SpringBootKafka/target/classes:/home/im/.m2/repository/org/springframework/boot/spring-boot-starter-web/2.4.3/spring-boot-starter-web-2.4.3.jar:/home/im/.m2/repository/org/springframework/boot/spring-boot-starter/2.4.3/spring-boot-starter-2.4.3.jar:/home/im/.m2/repository/org/springframework/boot/spring-boot/2.4.3/spring-boot-2.4.3.jar:/home/im/.m2/repository/org/springframework/boot/spring-boot-autoconfigure/2.4.3/spring-boot-autoconfigure-2.4.3.jar:/home/im/.m2/repository/org/springframework/boot/spring-boot-starter-logging/2.4.3/spring-boot-starter-logging-2.4.3.jar:/home/im/.m2/repository/ch/qos/logback/logback-classic/1.2.3/logback-classic-1.2.3.jar:/home/im/.m2/repository/ch/qos/logback/logback-core/1.2.3/logback-core-1.2.3.jar:/home/im/.m2/repository/org/apache/logging/log4j/log4j-to-slf4j/2.13.3/log4j-to-slf4j-2.13.3.jar:/home/im/.m2/repository/org/apache/logging/log4j/log4j-api/2.13.3/log4j-api-2.13.3.jar:/home/im/.m2/repository/org/slf4j/jul-to-slf4j/1.7.30/jul-to-slf4j-1.7.30.jar:/home/im/.m2/repository/jakarta/annotation/jakarta.annotation-api/1.3.5/jakarta.annotation-api-1.3.5.jar:/home/im/.m2/repository/org/yaml/snakeyaml/1.27/snakeyaml-1.27.jar:/home/im/.m2/repository/org/springframework/boot/spring-boot-starter-json/2.4.3/spring-boot-starter-json-2.4.3.jar:/home/im/.m2/repository/com/fasterxml/jackson/core/jackson-databind/2.11.4/jackson-databind-2.11.4.jar:/home/im/.m2/repository/com/fasterxml/jackson/core/jackson-annotations/2.11.4/jackson-annotations-2.11.4.jar:/home/im/.m2/repository/com/fasterxml/jackson/core/jackson-core/2.11.4/jackson-core-2.11.4.jar:/home/im/.m2/repository/com/fasterxml/jackson/datatype/jackson-datatype-jdk8/2.11.4/jackson-datatype-jdk8-2.11.4.jar:/home/im/.m2/repository/com/fasterxml/jackson/datatype/jackson-datatype-jsr310/2.11.4/jackson-datatype-jsr310-2.11.4.jar:/home/im/.m2/repository/com/fasterxml/jackson/module/jackson-module-parameter-names/2.11.4/jackson-module-parameter-names-2.11.4.jar:/home/im/.m2/repository/org/springframework/boot/spring-boot-starter-tomcat/2.4.3/spring-boot-starter-tomcat-2.4.3.jar:/home/im/.m2/repository/org/apache/tomcat/embed/tomcat-embed-core/9.0.43/tomcat-embed-core-9.0.43.jar:/home/im/.m2/repository/org/glassfish/jakarta.el/3.0.3/jakarta.el-3.0.3.jar:/home/im/.m2/repository/org/apache/tomcat/embed/tomcat-embed-websocket/9.0.43/tomcat-embed-websocket-9.0.43.jar:/home/im/.m2/repository/org/springframework/spring-web/5.3.4/spring-web-5.3.4.jar:/home/im/.m2/repository/org/springframework/spring-beans/5.3.4/spring-beans-5.3.4.jar:/home/im/.m2/repository/org/springframework/spring-webmvc/5.3.4/spring-webmvc-5.3.4.jar:/home/im/.m2/repository/org/springframework/spring-aop/5.3.4/spring-aop-5.3.4.jar:/home/im/.m2/repository/org/springframework/spring-expression/5.3.4/spring-expression-5.3.4.jar:/home/im/.m2/repository/org/springframework/kafka/spring-kafka/2.6.6/spring-kafka-2.6.6.jar:/home/im/.m2/repository/org/springframework/spring-context/5.3.4/spring-context-5.3.4.jar:/home/im/.m2/repository/org/springframework/spring-messaging/5.3.4/spring-messaging-5.3.4.jar:/home/im/.m2/repository/org/springframework/spring-tx/5.3.4/spring-tx-5.3.4.jar:/home/im/.m2/repository/org/springframework/retry/spring-retry/1.3.1/spring-retry-1.3.1.jar:/home/im/.m2/repository/javax/annotation/javax.annotation-api/1.3.2/javax.annotation-api-1.3.2.jar:/home/im/.m2/repository/org/apache/kafka/kafka-clients/2.6.0/kafka-clients-2.6.0.jar:/home/im/.m2/repository/com/github/luben/zstd-jni/1.4.4-7/zstd-jni-1.4.4-7.jar:/home/im/.m2/repository/org/lz4/lz4-java/1.7.1/lz4-java-1.7.1.jar:/home/im/.m2/repository/org/xerial/snappy/snappy-java/1.1.7.3/snappy-java-1.1.7.3.jar:/home/im/.m2/repository/org/springframework/boot/spring-boot-starter-test/2.4.3/spring-boot-starter-test-2.4.3.jar:/home/im/.m2/repository/org/springframework/boot/spring-boot-test/2.4.3/spring-boot-test-2.4.3.jar:/home/im/.m2/repository/org/springframework/boot/spring-boot-test-autoconfigure/2.4.3/spring-boot-test-autoconfigure-2.4.3.jar:/home/im/.m2/repository/com/jayway/jsonpath/json-path/2.4.0/json-path-2.4.0.jar:/home/im/.m2/repository/net/minidev/json-smart/2.3/json-smart-2.3.jar:/home/im/.m2/repository/net/minidev/accessors-smart/1.2/accessors-smart-1.2.jar:/home/im/.m2/repository/org/ow2/asm/asm/5.0.4/asm-5.0.4.jar:/home/im/.m2/repository/jakarta/xml/bind/jakarta.xml.bind-api/2.3.3/jakarta.xml.bind-api-2.3.3.jar:/home/im/.m2/repository/jakarta/activation/jakarta.activation-api/1.2.2/jakarta.activation-api-1.2.2.jar:/home/im/.m2/repository/org/assertj/assertj-core/3.18.1/assertj-core-3.18.1.jar:/home/im/.m2/repository/org/hamcrest/hamcrest/2.2/hamcrest-2.2.jar:/home/im/.m2/repository/org/junit/jupiter/junit-jupiter/5.7.1/junit-jupiter-5.7.1.jar:/home/im/.m2/repository/org/junit/jupiter/junit-jupiter-params/5.7.1/junit-jupiter-params-5.7.1.jar:/home/im/.m2/repository/org/junit/jupiter/junit-jupiter-engine/5.7.1/junit-jupiter-engine-5.7.1.jar:/home/im/.m2/repository/org/junit/platform/junit-platform-engine/1.7.1/junit-platform-engine-1.7.1.jar:/home/im/.m2/repository/org/mockito/mockito-core/3.6.28/mockito-core-3.6.28.jar:/home/im/.m2/repository/net/bytebuddy/byte-buddy/1.10.20/byte-buddy-1.10.20.jar:/home/im/.m2/repository/net/bytebuddy/byte-buddy-agent/1.10.20/byte-buddy-agent-1.10.20.jar:/home/im/.m2/repository/org/objenesis/objenesis/3.1/objenesis-3.1.jar:/home/im/.m2/repository/org/mockito/mockito-junit-jupiter/3.6.28/mockito-junit-jupiter-3.6.28.jar:/home/im/.m2/repository/org/skyscreamer/jsonassert/1.5.0/jsonassert-1.5.0.jar:/home/im/.m2/repository/com/vaadin/external/google/android-json/0.0.20131108.vaadin1/android-json-0.0.20131108.vaadin1.jar:/home/im/.m2/repository/org/springframework/spring-core/5.3.4/spring-core-5.3.4.jar:/home/im/.m2/repository/org/springframework/spring-jcl/5.3.4/spring-jcl-5.3.4.jar:/home/im/.m2/repository/org/springframework/spring-test/5.3.4/spring-test-5.3.4.jar:/home/im/.m2/repository/org/xmlunit/xmlunit-core/2.7.0/xmlunit-core-2.7.0.jar:/home/im/.m2/repository/org/springframework/kafka/spring-kafka-test/2.6.6/spring-kafka-test-2.6.6.jar:/home/im/.m2/repository/org/apache/kafka/kafka-clients/2.6.1/kafka-clients-2.6.1-test.jar:/home/im/.m2/repository/org/apache/kafka/kafka-streams/2.6.0/kafka-streams-2.6.0.jar:/home/im/.m2/repository/org/apache/kafka/connect-json/2.6.0/connect-json-2.6.0.jar:/home/im/.m2/repository/org/apache/kafka/connect-api/2.6.0/connect-api-2.6.0.jar:/home/im/.m2/repository/org/rocksdb/rocksdbjni/5.18.4/rocksdbjni-5.18.4.jar:/home/im/.m2/repository/org/apache/kafka/kafka-streams-test-utils/2.6.0/kafka-streams-test-utils-2.6.0.jar:/home/im/.m2/repository/org/apache/kafka/kafka_2.13/2.6.0/kafka_2.13-2.6.0.jar:/home/im/.m2/repository/com/fasterxml/jackson/module/jackson-module-scala_2.13/2.11.4/jackson-module-scala_2.13-2.11.4.jar:/home/im/.m2/repository/com/fasterxml/jackson/module/jackson-module-paranamer/2.11.4/jackson-module-paranamer-2.11.4.jar:/home/im/.m2/repository/com/thoughtworks/paranamer/paranamer/2.8/paranamer-2.8.jar:/home/im/.m2/repository/com/fasterxml/jackson/dataformat/jackson-dataformat-csv/2.11.4/jackson-dataformat-csv-2.11.4.jar:/home/im/.m2/repository/net/sf/jopt-simple/jopt-simple/5.0.4/jopt-simple-5.0.4.jar:/home/im/.m2/repository/com/yammer/metrics/metrics-core/2.2.0/metrics-core-2.2.0.jar:/home/im/.m2/repository/org/scala-lang/modules/scala-collection-compat_2.13/2.1.6/scala-collection-compat_2.13-2.1.6.jar:/home/im/.m2/repository/org/scala-lang/modules/scala-java8-compat_2.13/0.9.1/scala-java8-compat_2.13-0.9.1.jar:/home/im/.m2/repository/org/scala-lang/scala-library/2.13.2/scala-library-2.13.2.jar:/home/im/.m2/repository/org/scala-lang/scala-reflect/2.13.2/scala-reflect-2.13.2.jar:/home/im/.m2/repository/com/typesafe/scala-logging/scala-logging_2.13/3.9.2/scala-logging_2.13-3.9.2.jar:/home/im/.m2/repository/org/apache/zookeeper/zookeeper/3.5.8/zookeeper-3.5.8.jar:/home/im/.m2/repository/org/apache/zookeeper/zookeeper-jute/3.5.8/zookeeper-jute-3.5.8.jar:/home/im/.m2/repository/org/apache/yetus/audience-annotations/0.5.0/audience-annotations-0.5.0.jar:/home/im/.m2/repository/io/netty/netty-handler/4.1.59.Final/netty-handler-4.1.59.Final.jar:/home/im/.m2/repository/io/netty/netty-common/4.1.59.Final/netty-common-4.1.59.Final.jar:/home/im/.m2/repository/io/netty/netty-resolver/4.1.59.Final/netty-resolver-4.1.59.Final.jar:/home/im/.m2/repository/io/netty/netty-buffer/4.1.59.Final/netty-buffer-4.1.59.Final.jar:/home/im/.m2/repository/io/netty/netty-transport/4.1.59.Final/netty-transport-4.1.59.Final.jar:/home/im/.m2/repository/io/netty/netty-codec/4.1.59.Final/netty-codec-4.1.59.Final.jar:/home/im/.m2/repository/io/netty/netty-transport-native-epoll/4.1.59.Final/netty-transport-native-epoll-4.1.59.Final.jar:/home/im/.m2/repository/io/netty/netty-transport-native-unix-common/4.1.59.Final/netty-transport-native-unix-common-4.1.59.Final.jar:/home/im/.m2/repository/commons-cli/commons-cli/1.4/commons-cli-1.4.jar:/home/im/.m2/repository/org/apache/kafka/kafka_2.13/2.6.1/kafka_2.13-2.6.1-test.jar:/home/im/.m2/repository/org/junit/jupiter/junit-jupiter-api/5.7.1/junit-jupiter-api-5.7.1.jar:/home/im/.m2/repository/org/apiguardian/apiguardian-api/1.1.0/apiguardian-api-1.1.0.jar:/home/im/.m2/repository/org/opentest4j/opentest4j/1.2.0/opentest4j-1.2.0.jar:/home/im/.m2/repository/org/junit/platform/junit-platform-commons/1.7.1/junit-platform-commons-1.7.1.jar:/home/im/.m2/repository/org/apache/flink/flink-streaming-java/1.17.1/flink-streaming-java-1.17.1.jar:/home/im/.m2/repository/org/apache/flink/flink-core/1.17.1/flink-core-1.17.1.jar:/home/im/.m2/repository/org/apache/flink/flink-annotations/1.17.1/flink-annotations-1.17.1.jar:/home/im/.m2/repository/org/apache/flink/flink-metrics-core/1.17.1/flink-metrics-core-1.17.1.jar:/home/im/.m2/repository/org/apache/flink/flink-shaded-asm-9/9.3-16.1/flink-shaded-asm-9-9.3-16.1.jar:/home/im/.m2/repository/org/apache/flink/flink-shaded-jackson/2.13.4-16.1/flink-shaded-jackson-2.13.4-16.1.jar:/home/im/.m2/repository/org/apache/commons/commons-lang3/3.11/commons-lang3-3.11.jar:/home/im/.m2/repository/org/apache/commons/commons-text/1.10.0/commons-text-1.10.0.jar:/home/im/.m2/repository/com/esotericsoftware/kryo/kryo/2.24.0/kryo-2.24.0.jar:/home/im/.m2/repository/com/esotericsoftware/minlog/minlog/1.2/minlog-1.2.jar:/home/im/.m2/repository/commons-collections/commons-collections/3.2.2/commons-collections-3.2.2.jar:/home/im/.m2/repository/org/apache/commons/commons-compress/1.21/commons-compress-1.21.jar:/home/im/.m2/repository/org/apache/flink/flink-file-sink-common/1.17.1/flink-file-sink-common-1.17.1.jar:/home/im/.m2/repository/org/apache/flink/flink-runtime/1.17.1/flink-runtime-1.17.1.jar:/home/im/.m2/repository/org/apache/flink/flink-rpc-core/1.17.1/flink-rpc-core-1.17.1.jar:/home/im/.m2/repository/org/apache/flink/flink-rpc-akka-loader/1.17.1/flink-rpc-akka-loader-1.17.1.jar:/home/im/.m2/repository/org/apache/flink/flink-queryable-state-client-java/1.17.1/flink-queryable-state-client-java-1.17.1.jar:/home/im/.m2/repository/org/apache/flink/flink-hadoop-fs/1.17.1/flink-hadoop-fs-1.17.1.jar:/home/im/.m2/repository/commons-io/commons-io/2.11.0/commons-io-2.11.0.jar:/home/im/.m2/repository/org/apache/flink/flink-shaded-netty/4.1.82.Final-16.1/flink-shaded-netty-4.1.82.Final-16.1.jar:/home/im/.m2/repository/org/apache/flink/flink-shaded-zookeeper-3/3.7.1-16.1/flink-shaded-zookeeper-3-3.7.1-16.1.jar:/home/im/.m2/repository/org/javassist/javassist/3.24.0-GA/javassist-3.24.0-GA.jar:/home/im/.m2/repository/org/apache/flink/flink-shaded-force-shading/16.1/flink-shaded-force-shading-16.1.jar:/home/im/.m2/repository/org/apache/flink/flink-java/1.17.1/flink-java-1.17.1.jar:/home/im/.m2/repository/com/twitter/chill-java/0.7.6/chill-java-0.7.6.jar:/home/im/.m2/repository/org/apache/flink/flink-shaded-guava/30.1.1-jre-16.1/flink-shaded-guava-30.1.1-jre-16.1.jar:/home/im/.m2/repository/org/apache/commons/commons-math3/3.6.1/commons-math3-3.6.1.jar:/home/im/.m2/repository/org/slf4j/slf4j-api/1.7.30/slf4j-api-1.7.30.jar:/home/im/.m2/repository/com/google/code/findbugs/jsr305/1.3.9/jsr305-1.3.9.jar:"/>
    <property name="java.vm.vendor" value="Ubuntu"/>
    <property name="sun.arch.data.model" value="64"/>
    <property name="java.vendor.url" value="https://ubuntu.com/"/>
    <property name="user.timezone" value=""/>
    <property name="java.vm.specification.version" value="11"/>
    <property name="os.name" value="Linux"/>
    <property name="sun.java.launcher" value="SUN_STANDARD"/>
    <property name="user.country" value="IN"/>
    <property name="sun.boot.library.path" value="/usr/lib/jvm/java-11-openjdk-amd64/lib"/>
    <property name="sun.java.command" value="/home/im/Downloads/SpringBootKafka/target/surefire/surefirebooter17225944332418282443.jar /home/im/Downloads/SpringBootKafka/target/surefire 2023-10-18T12-19-01_896-jvmRun1 surefire2492260175858192763tmp surefire_012839212486924843387tmp"/>
    <property name="jdk.debug" value="release"/>
    <property name="surefire.test.class.path" value="/home/im/Downloads/SpringBootKafka/target/test-classes:/home/im/Downloads/SpringBootKafka/target/classes:/home/im/.m2/repository/org/springframework/boot/spring-boot-starter-web/2.4.3/spring-boot-starter-web-2.4.3.jar:/home/im/.m2/repository/org/springframework/boot/spring-boot-starter/2.4.3/spring-boot-starter-2.4.3.jar:/home/im/.m2/repository/org/springframework/boot/spring-boot/2.4.3/spring-boot-2.4.3.jar:/home/im/.m2/repository/org/springframework/boot/spring-boot-autoconfigure/2.4.3/spring-boot-autoconfigure-2.4.3.jar:/home/im/.m2/repository/org/springframework/boot/spring-boot-starter-logging/2.4.3/spring-boot-starter-logging-2.4.3.jar:/home/im/.m2/repository/ch/qos/logback/logback-classic/1.2.3/logback-classic-1.2.3.jar:/home/im/.m2/repository/ch/qos/logback/logback-core/1.2.3/logback-core-1.2.3.jar:/home/im/.m2/repository/org/apache/logging/log4j/log4j-to-slf4j/2.13.3/log4j-to-slf4j-2.13.3.jar:/home/im/.m2/repository/org/apache/logging/log4j/log4j-api/2.13.3/log4j-api-2.13.3.jar:/home/im/.m2/repository/org/slf4j/jul-to-slf4j/1.7.30/jul-to-slf4j-1.7.30.jar:/home/im/.m2/repository/jakarta/annotation/jakarta.annotation-api/1.3.5/jakarta.annotation-api-1.3.5.jar:/home/im/.m2/repository/org/yaml/snakeyaml/1.27/snakeyaml-1.27.jar:/home/im/.m2/repository/org/springframework/boot/spring-boot-starter-json/2.4.3/spring-boot-starter-json-2.4.3.jar:/home/im/.m2/repository/com/fasterxml/jackson/core/jackson-databind/2.11.4/jackson-databind-2.11.4.jar:/home/im/.m2/repository/com/fasterxml/jackson/core/jackson-annotations/2.11.4/jackson-annotations-2.11.4.jar:/home/im/.m2/repository/com/fasterxml/jackson/core/jackson-core/2.11.4/jackson-core-2.11.4.jar:/home/im/.m2/repository/com/fasterxml/jackson/datatype/jackson-datatype-jdk8/2.11.4/jackson-datatype-jdk8-2.11.4.jar:/home/im/.m2/repository/com/fasterxml/jackson/datatype/jackson-datatype-jsr310/2.11.4/jackson-datatype-jsr310-2.11.4.jar:/home/im/.m2/repository/com/fasterxml/jackson/module/jackson-module-parameter-names/2.11.4/jackson-module-parameter-names-2.11.4.jar:/home/im/.m2/repository/org/springframework/boot/spring-boot-starter-tomcat/2.4.3/spring-boot-starter-tomcat-2.4.3.jar:/home/im/.m2/repository/org/apache/tomcat/embed/tomcat-embed-core/9.0.43/tomcat-embed-core-9.0.43.jar:/home/im/.m2/repository/org/glassfish/jakarta.el/3.0.3/jakarta.el-3.0.3.jar:/home/im/.m2/repository/org/apache/tomcat/embed/tomcat-embed-websocket/9.0.43/tomcat-embed-websocket-9.0.43.jar:/home/im/.m2/repository/org/springframework/spring-web/5.3.4/spring-web-5.3.4.jar:/home/im/.m2/repository/org/springframework/spring-beans/5.3.4/spring-beans-5.3.4.jar:/home/im/.m2/repository/org/springframework/spring-webmvc/5.3.4/spring-webmvc-5.3.4.jar:/home/im/.m2/repository/org/springframework/spring-aop/5.3.4/spring-aop-5.3.4.jar:/home/im/.m2/repository/org/springframework/spring-expression/5.3.4/spring-expression-5.3.4.jar:/home/im/.m2/repository/org/springframework/kafka/spring-kafka/2.6.6/spring-kafka-2.6.6.jar:/home/im/.m2/repository/org/springframework/spring-context/5.3.4/spring-context-5.3.4.jar:/home/im/.m2/repository/org/springframework/spring-messaging/5.3.4/spring-messaging-5.3.4.jar:/home/im/.m2/repository/org/springframework/spring-tx/5.3.4/spring-tx-5.3.4.jar:/home/im/.m2/repository/org/springframework/retry/spring-retry/1.3.1/spring-retry-1.3.1.jar:/home/im/.m2/repository/javax/annotation/javax.annotation-api/1.3.2/javax.annotation-api-1.3.2.jar:/home/im/.m2/repository/org/apache/kafka/kafka-clients/2.6.0/kafka-clients-2.6.0.jar:/home/im/.m2/repository/com/github/luben/zstd-jni/1.4.4-7/zstd-jni-1.4.4-7.jar:/home/im/.m2/repository/org/lz4/lz4-java/1.7.1/lz4-java-1.7.1.jar:/home/im/.m2/repository/org/xerial/snappy/snappy-java/1.1.7.3/snappy-java-1.1.7.3.jar:/home/im/.m2/repository/org/springframework/boot/spring-boot-starter-test/2.4.3/spring-boot-starter-test-2.4.3.jar:/home/im/.m2/repository/org/springframework/boot/spring-boot-test/2.4.3/spring-boot-test-2.4.3.jar:/home/im/.m2/repository/org/springframework/boot/spring-boot-test-autoconfigure/2.4.3/spring-boot-test-autoconfigure-2.4.3.jar:/home/im/.m2/repository/com/jayway/jsonpath/json-path/2.4.0/json-path-2.4.0.jar:/home/im/.m2/repository/net/minidev/json-smart/2.3/json-smart-2.3.jar:/home/im/.m2/repository/net/minidev/accessors-smart/1.2/accessors-smart-1.2.jar:/home/im/.m2/repository/org/ow2/asm/asm/5.0.4/asm-5.0.4.jar:/home/im/.m2/repository/jakarta/xml/bind/jakarta.xml.bind-api/2.3.3/jakarta.xml.bind-api-2.3.3.jar:/home/im/.m2/repository/jakarta/activation/jakarta.activation-api/1.2.2/jakarta.activation-api-1.2.2.jar:/home/im/.m2/repository/org/assertj/assertj-core/3.18.1/assertj-core-3.18.1.jar:/home/im/.m2/repository/org/hamcrest/hamcrest/2.2/hamcrest-2.2.jar:/home/im/.m2/repository/org/junit/jupiter/junit-jupiter/5.7.1/junit-jupiter-5.7.1.jar:/home/im/.m2/repository/org/junit/jupiter/junit-jupiter-params/5.7.1/junit-jupiter-params-5.7.1.jar:/home/im/.m2/repository/org/junit/jupiter/junit-jupiter-engine/5.7.1/junit-jupiter-engine-5.7.1.jar:/home/im/.m2/repository/org/junit/platform/junit-platform-engine/1.7.1/junit-platform-engine-1.7.1.jar:/home/im/.m2/repository/org/mockito/mockito-core/3.6.28/mockito-core-3.6.28.jar:/home/im/.m2/repository/net/bytebuddy/byte-buddy/1.10.20/byte-buddy-1.10.20.jar:/home/im/.m2/repository/net/bytebuddy/byte-buddy-agent/1.10.20/byte-buddy-agent-1.10.20.jar:/home/im/.m2/repository/org/objenesis/objenesis/3.1/objenesis-3.1.jar:/home/im/.m2/repository/org/mockito/mockito-junit-jupiter/3.6.28/mockito-junit-jupiter-3.6.28.jar:/home/im/.m2/repository/org/skyscreamer/jsonassert/1.5.0/jsonassert-1.5.0.jar:/home/im/.m2/repository/com/vaadin/external/google/android-json/0.0.20131108.vaadin1/android-json-0.0.20131108.vaadin1.jar:/home/im/.m2/repository/org/springframework/spring-core/5.3.4/spring-core-5.3.4.jar:/home/im/.m2/repository/org/springframework/spring-jcl/5.3.4/spring-jcl-5.3.4.jar:/home/im/.m2/repository/org/springframework/spring-test/5.3.4/spring-test-5.3.4.jar:/home/im/.m2/repository/org/xmlunit/xmlunit-core/2.7.0/xmlunit-core-2.7.0.jar:/home/im/.m2/repository/org/springframework/kafka/spring-kafka-test/2.6.6/spring-kafka-test-2.6.6.jar:/home/im/.m2/repository/org/apache/kafka/kafka-clients/2.6.1/kafka-clients-2.6.1-test.jar:/home/im/.m2/repository/org/apache/kafka/kafka-streams/2.6.0/kafka-streams-2.6.0.jar:/home/im/.m2/repository/org/apache/kafka/connect-json/2.6.0/connect-json-2.6.0.jar:/home/im/.m2/repository/org/apache/kafka/connect-api/2.6.0/connect-api-2.6.0.jar:/home/im/.m2/repository/org/rocksdb/rocksdbjni/5.18.4/rocksdbjni-5.18.4.jar:/home/im/.m2/repository/org/apache/kafka/kafka-streams-test-utils/2.6.0/kafka-streams-test-utils-2.6.0.jar:/home/im/.m2/repository/org/apache/kafka/kafka_2.13/2.6.0/kafka_2.13-2.6.0.jar:/home/im/.m2/repository/com/fasterxml/jackson/module/jackson-module-scala_2.13/2.11.4/jackson-module-scala_2.13-2.11.4.jar:/home/im/.m2/repository/com/fasterxml/jackson/module/jackson-module-paranamer/2.11.4/jackson-module-paranamer-2.11.4.jar:/home/im/.m2/repository/com/thoughtworks/paranamer/paranamer/2.8/paranamer-2.8.jar:/home/im/.m2/repository/com/fasterxml/jackson/dataformat/jackson-dataformat-csv/2.11.4/jackson-dataformat-csv-2.11.4.jar:/home/im/.m2/repository/net/sf/jopt-simple/jopt-simple/5.0.4/jopt-simple-5.0.4.jar:/home/im/.m2/repository/com/yammer/metrics/metrics-core/2.2.0/metrics-core-2.2.0.jar:/home/im/.m2/repository/org/scala-lang/modules/scala-collection-compat_2.13/2.1.6/scala-collection-compat_2.13-2.1.6.jar:/home/im/.m2/repository/org/scala-lang/modules/scala-java8-compat_2.13/0.9.1/scala-java8-compat_2.13-0.9.1.jar:/home/im/.m2/repository/org/scala-lang/scala-library/2.13.2/scala-library-2.13.2.jar:/home/im/.m2/repository/org/scala-lang/scala-reflect/2.13.2/scala-reflect-2.13.2.jar:/home/im/.m2/repository/com/typesafe/scala-logging/scala-logging_2.13/3.9.2/scala-logging_2.13-3.9.2.jar:/home/im/.m2/repository/org/apache/zookeeper/zookeeper/3.5.8/zookeeper-3.5.8.jar:/home/im/.m2/repository/org/apache/zookeeper/zookeeper-jute/3.5.8/zookeeper-jute-3.5.8.jar:/home/im/.m2/repository/org/apache/yetus/audience-annotations/0.5.0/audience-annotations-0.5.0.jar:/home/im/.m2/repository/io/netty/netty-handler/4.1.59.Final/netty-handler-4.1.59.Final.jar:/home/im/.m2/repository/io/netty/netty-common/4.1.59.Final/netty-common-4.1.59.Final.jar:/home/im/.m2/repository/io/netty/netty-resolver/4.1.59.Final/netty-resolver-4.1.59.Final.jar:/home/im/.m2/repository/io/netty/netty-buffer/4.1.59.Final/netty-buffer-4.1.59.Final.jar:/home/im/.m2/repository/io/netty/netty-transport/4.1.59.Final/netty-transport-4.1.59.Final.jar:/home/im/.m2/repository/io/netty/netty-codec/4.1.59.Final/netty-codec-4.1.59.Final.jar:/home/im/.m2/repository/io/netty/netty-transport-native-epoll/4.1.59.Final/netty-transport-native-epoll-4.1.59.Final.jar:/home/im/.m2/repository/io/netty/netty-transport-native-unix-common/4.1.59.Final/netty-transport-native-unix-common-4.1.59.Final.jar:/home/im/.m2/repository/commons-cli/commons-cli/1.4/commons-cli-1.4.jar:/home/im/.m2/repository/org/apache/kafka/kafka_2.13/2.6.1/kafka_2.13-2.6.1-test.jar:/home/im/.m2/repository/org/junit/jupiter/junit-jupiter-api/5.7.1/junit-jupiter-api-5.7.1.jar:/home/im/.m2/repository/org/apiguardian/apiguardian-api/1.1.0/apiguardian-api-1.1.0.jar:/home/im/.m2/repository/org/opentest4j/opentest4j/1.2.0/opentest4j-1.2.0.jar:/home/im/.m2/repository/org/junit/platform/junit-platform-commons/1.7.1/junit-platform-commons-1.7.1.jar:/home/im/.m2/repository/org/apache/flink/flink-streaming-java/1.17.1/flink-streaming-java-1.17.1.jar:/home/im/.m2/repository/org/apache/flink/flink-core/1.17.1/flink-core-1.17.1.jar:/home/im/.m2/repository/org/apache/flink/flink-annotations/1.17.1/flink-annotations-1.17.1.jar:/home/im/.m2/repository/org/apache/flink/flink-metrics-core/1.17.1/flink-metrics-core-1.17.1.jar:/home/im/.m2/repository/org/apache/flink/flink-shaded-asm-9/9.3-16.1/flink-shaded-asm-9-9.3-16.1.jar:/home/im/.m2/repository/org/apache/flink/flink-shaded-jackson/2.13.4-16.1/flink-shaded-jackson-2.13.4-16.1.jar:/home/im/.m2/repository/org/apache/commons/commons-lang3/3.11/commons-lang3-3.11.jar:/home/im/.m2/repository/org/apache/commons/commons-text/1.10.0/commons-text-1.10.0.jar:/home/im/.m2/repository/com/esotericsoftware/kryo/kryo/2.24.0/kryo-2.24.0.jar:/home/im/.m2/repository/com/esotericsoftware/minlog/minlog/1.2/minlog-1.2.jar:/home/im/.m2/repository/commons-collections/commons-collections/3.2.2/commons-collections-3.2.2.jar:/home/im/.m2/repository/org/apache/commons/commons-compress/1.21/commons-compress-1.21.jar:/home/im/.m2/repository/org/apache/flink/flink-file-sink-common/1.17.1/flink-file-sink-common-1.17.1.jar:/home/im/.m2/repository/org/apache/flink/flink-runtime/1.17.1/flink-runtime-1.17.1.jar:/home/im/.m2/repository/org/apache/flink/flink-rpc-core/1.17.1/flink-rpc-core-1.17.1.jar:/home/im/.m2/repository/org/apache/flink/flink-rpc-akka-loader/1.17.1/flink-rpc-akka-loader-1.17.1.jar:/home/im/.m2/repository/org/apache/flink/flink-queryable-state-client-java/1.17.1/flink-queryable-state-client-java-1.17.1.jar:/home/im/.m2/repository/org/apache/flink/flink-hadoop-fs/1.17.1/flink-hadoop-fs-1.17.1.jar:/home/im/.m2/repository/commons-io/commons-io/2.11.0/commons-io-2.11.0.jar:/home/im/.m2/repository/org/apache/flink/flink-shaded-netty/4.1.82.Final-16.1/flink-shaded-netty-4.1.82.Final-16.1.jar:/home/im/.m2/repository/org/apache/flink/flink-shaded-zookeeper-3/3.7.1-16.1/flink-shaded-zookeeper-3-3.7.1-16.1.jar:/home/im/.m2/repository/org/javassist/javassist/3.24.0-GA/javassist-3.24.0-GA.jar:/home/im/.m2/repository/org/apache/flink/flink-shaded-force-shading/16.1/flink-shaded-force-shading-16.1.jar:/home/im/.m2/repository/org/apache/flink/flink-java/1.17.1/flink-java-1.17.1.jar:/home/im/.m2/repository/com/twitter/chill-java/0.7.6/chill-java-0.7.6.jar:/home/im/.m2/repository/org/apache/flink/flink-shaded-guava/30.1.1-jre-16.1/flink-shaded-guava-30.1.1-jre-16.1.jar:/home/im/.m2/repository/org/apache/commons/commons-math3/3.6.1/commons-math3-3.6.1.jar:/home/im/.m2/repository/org/slf4j/slf4j-api/1.7.30/slf4j-api-1.7.30.jar:/home/im/.m2/repository/com/google/code/findbugs/jsr305/1.3.9/jsr305-1.3.9.jar:"/>
    <property name="sun.cpu.endian" value="little"/>
    <property name="user.home" value="/home/im"/>
    <property name="user.language" value="en"/>
    <property name="java.specification.vendor" value="Oracle Corporation"/>
    <property name="java.version.date" value="2023-08-24"/>
    <property name="java.home" value="/usr/lib/jvm/java-11-openjdk-amd64"/>
    <property name="file.separator" value="/"/>
    <property name="style.color" value="always"/>
    <property name="basedir" value="/home/im/Downloads/SpringBootKafka"/>
    <property name="java.vm.compressedOopsMode" value="Zero based"/>
    <property name="line.separator" value="&#10;"/>
    <property name="java.specification.name" value="Java Platform API Specification"/>
    <property name="java.vm.specification.vendor" value="Oracle Corporation"/>
    <property name="java.awt.graphicsenv" value="sun.awt.X11GraphicsEnvironment"/>
    <property name="surefire.real.class.path" value="/home/im/Downloads/SpringBootKafka/target/surefire/surefirebooter17225944332418282443.jar"/>
    <property name="sun.management.compiler" value="HotSpot 64-Bit Tiered Compilers"/>
    <property name="java.runtime.version" value="11.0.20.1+1-post-Ubuntu-0ubuntu120.04"/>
    <property name="user.name" value="im"/>
    <property name="path.separator" value=":"/>
    <property name="os.version" value="5.15.0-86-generic"/>
    <property name="java.runtime.name" value="OpenJDK Runtime Environment"/>
    <property name="file.encoding" value="UTF-8"/>
    <property name="java.vm.name" value="OpenJDK 64-Bit Server VM"/>
    <property name="localRepository" value="/home/im/.m2/repository"/>
    <property name="java.vendor.url.bug" value="https://bugs.launchpad.net/ubuntu/+source/openjdk-lts"/>
    <property name="java.io.tmpdir" value="/tmp"/>
    <property name="java.version" value="11.0.20.1"/>
    <property name="user.dir" value="/home/im/Downloads/SpringBootKafka"/>
    <property name="os.arch" value="amd64"/>
    <property name="java.vm.specification.name" value="Java Virtual Machine Specification"/>
    <property name="java.awt.printerjob" value="sun.print.PSPrinterJob"/>
    <property name="sun.os.patch.level" value="unknown"/>
    <property name="java.library.path" value="/usr/java/packages/lib:/usr/lib/x86_64-linux-gnu/jni:/lib/x86_64-linux-gnu:/usr/lib/x86_64-linux-gnu:/usr/lib/jni:/lib:/usr/lib"/>
    <property name="java.vm.info" value="mixed mode, sharing"/>
    <property name="java.vendor" value="Ubuntu"/>
    <property name="java.vm.version" value="11.0.20.1+1-post-Ubuntu-0ubuntu120.04"/>
    <property name="java.specification.maintenance.version" value="2"/>
    <property name="sun.io.unicode.encoding" value="UnicodeLittle"/>
    <property name="java.class.version" value="55.0"/>
  </properties>
  <testcase name="contextLoads" classname="com.example.demo.KafkaProducerConsumerApplicationTests" time="0.408"/>
</testsuite>